# JRE version: OpenJDK Runtime Environment (8.0_202-b03) (build 1.8.0_202-release-1483-b03)
# Java VM: OpenJDK 64-Bit Server VM (25.202-b03 mixed mode windows-amd64 compressed oops)
Heap:
 PSYoungGen      total 245248K, used 26095K [0x00000000e0000000, 0x00000000f4b80000, 0x0000000100000000)
  eden space 208384K, 12% used [0x00000000e0000000,0x00000000e197bf20,0x00000000ecb80000)
  from space 36864K, 0% used [0x00000000f0000000,0x00000000f0000000,0x00000000f2400000)
  to   space 53760K, 0% used [0x00000000ecb80000,0x00000000ecb80000,0x00000000f0000000)
 ParOldGen       total 130048K, used 121912K [0x00000000a0000000, 0x00000000a7f00000, 0x00000000e0000000)
  object space 130048K, 93% used [0x00000000a0000000,0x00000000a770e2a0,0x00000000a7f00000)
 Metaspace       used 85818K, capacity 89380K, committed 90456K, reserved 1128448K
  class space    used 11186K, capacity 11911K, committed 12160K, reserved 1048576K
GC Heap History (10 events):
Event: 1945.989 GC heap before
{Heap before GC invocations=34 (full 3):
 PSYoungGen      total 208384K, used 204522K [0x00000000e0000000, 0x00000000ef980000, 0x0000000100000000)
  eden space 178176K, 99% used [0x00000000e0000000,0x00000000eadd3670,0x00000000eae00000)
  from space 30208K, 87% used [0x00000000ece80000,0x00000000ee867548,0x00000000eec00000)
  to   space 33280K, 0% used [0x00000000eae00000,0x00000000eae00000,0x00000000ece80000)
 ParOldGen       total 130048K, used 86869K [0x00000000a0000000, 0x00000000a7f00000, 0x00000000e0000000)
  object space 130048K, 66% used [0x00000000a0000000,0x00000000a54d57b8,0x00000000a7f00000)
 Metaspace       used 86082K, capacity 90252K, committed 90456K, reserved 1128448K
  class space    used 11293K, capacity 12115K, committed 12160K, reserved 1048576K
Event: 1946.052 GC heap after
Heap after GC invocations=34 (full 3):
 PSYoungGen      total 211456K, used 29804K [0x00000000e0000000, 0x00000000f1000000, 0x0000000100000000)
  eden space 178176K, 0% used [0x00000000e0000000,0x00000000e0000000,0x00000000eae00000)
  from space 33280K, 89% used [0x00000000eae00000,0x00000000ecb1b1c8,0x00000000ece80000)
  to   space 37376K, 0% used [0x00000000eeb80000,0x00000000eeb80000,0x00000000f1000000)
 ParOldGen       total 130048K, used 86877K [0x00000000a0000000, 0x00000000a7f00000, 0x00000000e0000000)
  object space 130048K, 66% used [0x00000000a0000000,0x00000000a54d77b8,0x00000000a7f00000)
 Metaspace       used 86082K, capacity 90252K, committed 90456K, reserved 1128448K
  class space    used 11293K, capacity 12115K, committed 12160K, reserved 1048576K
}
Event: 1947.139 GC heap before
{Heap before GC invocations=35 (full 3):
 PSYoungGen      total 211456K, used 207980K [0x00000000e0000000, 0x00000000f1000000, 0x0000000100000000)
  eden space 178176K, 100% used [0x00000000e0000000,0x00000000eae00000,0x00000000eae00000)
  from space 33280K, 89% used [0x00000000eae00000,0x00000000ecb1b1c8,0x00000000ece80000)
  to   space 37376K, 0% used [0x00000000eeb80000,0x00000000eeb80000,0x00000000f1000000)
 ParOldGen       total 130048K, used 86877K [0x00000000a0000000, 0x00000000a7f00000, 0x00000000e0000000)
  object space 130048K, 66% used [0x00000000a0000000,0x00000000a54d77b8,0x00000000a7f00000)
 Metaspace       used 86126K, capacity 90258K, committed 90456K, reserved 1128448K
  class space    used 11294K, capacity 12116K, committed 12160K, reserved 1048576K
Event: 1947.173 GC heap after
Heap after GC invocations=35 (full 3):
 PSYoungGen      total 240128K, used 25678K [0x00000000e0000000, 0x00000000f1180000, 0x0000000100000000)
  eden space 202752K, 0% used [0x00000000e0000000,0x00000000e0000000,0x00000000ec600000)
  from space 37376K, 68% used [0x00000000eeb80000,0x00000000f0493a80,0x00000000f1000000)
  to   space 38400K, 0% used [0x00000000ec600000,0x00000000ec600000,0x00000000eeb80000)
 ParOldGen       total 130048K, used 86877K [0x00000000a0000000, 0x00000000a7f00000, 0x00000000e0000000)
  object space 130048K, 66% used [0x00000000a0000000,0x00000000a54d77b8,0x00000000a7f00000)
 Metaspace       used 86126K, capacity 90258K, committed 90456K, reserved 1128448K
  class space    used 11294K, capacity 12116K, committed 12160K, reserved 1048576K
}
Event: 1948.547 GC heap before
{Heap before GC invocations=36 (full 3):
 PSYoungGen      total 240128K, used 228238K [0x00000000e0000000, 0x00000000f1180000, 0x0000000100000000)
  eden space 202752K, 99% used [0x00000000e0000000,0x00000000ec5cfeb0,0x00000000ec600000)
  from space 37376K, 68% used [0x00000000eeb80000,0x00000000f0493a80,0x00000000f1000000)
  to   space 38400K, 0% used [0x00000000ec600000,0x00000000ec600000,0x00000000eeb80000)
 ParOldGen       total 130048K, used 86877K [0x00000000a0000000, 0x00000000a7f00000, 0x00000000e0000000)
  object space 130048K, 66% used [0x00000000a0000000,0x00000000a54d77b8,0x00000000a7f00000)
 Metaspace       used 86177K, capacity 90326K, committed 90456K, reserved 1128448K
  class space    used 11299K, capacity 12116K, committed 12160K, reserved 1048576K
Event: 1948.582 GC heap after
Heap after GC invocations=36 (full 3):
 PSYoungGen      total 241152K, used 17686K [0x00000000e0000000, 0x00000000f2400000, 0x0000000100000000)
  eden space 202752K, 0% used [0x00000000e0000000,0x00000000e0000000,0x00000000ec600000)
  from space 38400K, 46% used [0x00000000ec600000,0x00000000ed745b68,0x00000000eeb80000)
  to   space 36864K, 0% used [0x00000000f0000000,0x00000000f0000000,0x00000000f2400000)
 ParOldGen       total 130048K, used 86877K [0x00000000a0000000, 0x00000000a7f00000, 0x00000000e0000000)
  object space 130048K, 66% used [0x00000000a0000000,0x00000000a54d77b8,0x00000000a7f00000)
 Metaspace       used 86177K, capacity 90326K, committed 90456K, reserved 1128448K
  class space    used 11299K, capacity 12116K, committed 12160K, reserved 1048576K
}
Event: 1950.779 GC heap before
{Heap before GC invocations=37 (full 3):
 PSYoungGen      total 241152K, used 220438K [0x00000000e0000000, 0x00000000f2400000, 0x0000000100000000)
  eden space 202752K, 100% used [0x00000000e0000000,0x00000000ec600000,0x00000000ec600000)
  from space 38400K, 46% used [0x00000000ec600000,0x00000000ed745b68,0x00000000eeb80000)
  to   space 36864K, 0% used [0x00000000f0000000,0x00000000f0000000,0x00000000f2400000)
 ParOldGen       total 130048K, used 86877K [0x00000000a0000000, 0x00000000a7f00000, 0x00000000e0000000)
  object space 130048K, 66% used [0x00000000a0000000,0x00000000a54d77b8,0x00000000a7f00000)
 Metaspace       used 86219K, capacity 90352K, committed 90456K, reserved 1128448K
  class space    used 11300K, capacity 12119K, committed 12160K, reserved 1048576K
Event: 1951.091 GC heap after
Heap after GC invocations=37 (full 3):
 PSYoungGen      total 245248K, used 36835K [0x00000000e0000000, 0x00000000f4b80000, 0x0000000100000000)
  eden space 208384K, 0% used [0x00000000e0000000,0x00000000e0000000,0x00000000ecb80000)
  from space 36864K, 99% used [0x00000000f0000000,0x00000000f23f8ce8,0x00000000f2400000)
  to   space 53760K, 0% used [0x00000000ecb80000,0x00000000ecb80000,0x00000000f0000000)
 ParOldGen       total 130048K, used 118984K [0x00000000a0000000, 0x00000000a7f00000, 0x00000000e0000000)
  object space 130048K, 91% used [0x00000000a0000000,0x00000000a74323d0,0x00000000a7f00000)
 Metaspace       used 86219K, capacity 90352K, committed 90456K, reserved 1128448K
  class space    used 11300K, capacity 12119K, committed 12160K, reserved 1048576K
}
Event: 1951.091 GC heap before
{Heap before GC invocations=38 (full 4):
 PSYoungGen      total 245248K, used 36835K [0x00000000e0000000, 0x00000000f4b80000, 0x0000000100000000)
  eden space 208384K, 0% used [0x00000000e0000000,0x00000000e0000000,0x00000000ecb80000)
  from space 36864K, 99% used [0x00000000f0000000,0x00000000f23f8ce8,0x00000000f2400000)
  to   space 53760K, 0% used [0x00000000ecb80000,0x00000000ecb80000,0x00000000f0000000)
 ParOldGen       total 130048K, used 118984K [0x00000000a0000000, 0x00000000a7f00000, 0x00000000e0000000)
  object space 130048K, 91% used [0x00000000a0000000,0x00000000a74323d0,0x00000000a7f00000)
 Metaspace       used 86219K, capacity 90352K, committed 90456K, reserved 1128448K
  class space    used 11300K, capacity 12119K, committed 12160K, reserved 1048576K
Event: 1953.647 GC heap after
Heap after GC invocations=38 (full 4):
 PSYoungGen      total 245248K, used 0K [0x00000000e0000000, 0x00000000f4b80000, 0x0000000100000000)
  eden space 208384K, 0% used [0x00000000e0000000,0x00000000e0000000,0x00000000ecb80000)
  from space 36864K, 0% used [0x00000000f0000000,0x00000000f0000000,0x00000000f2400000)
  to   space 53760K, 0% used [0x00000000ecb80000,0x00000000ecb80000,0x00000000f0000000)
 ParOldGen       total 130048K, used 121912K [0x00000000a0000000, 0x00000000a7f00000, 0x00000000e0000000)
  object space 130048K, 93% used [0x00000000a0000000,0x00000000a770e2a0,0x00000000a7f00000)
 Metaspace       used 85807K, capacity 89376K, committed 90456K, reserved 1128448K
  class space    used 11186K, capacity 11911K, committed 12160K, reserved 1048576K
}

